<?xml version="1.0" encoding="UTF-8"?>
<!-- Generated by org.testng.reporters.JUnitReportReporter -->
<testsuite hostname="DESKTOP-M3KOU0A" failures="0" tests="1" name="testcases.TC003_Login_email" time="38.705" errors="0" timestamp="05 Dec 2023 14:07:29 GMT" skipped="0">
  <testcase classname="testcases.TC003_Login_email" name="loginByMail" time="38.705"/>
</testsuite> <!-- testcases.TC003_Login_email -->
