<?xml version="1.0" encoding="UTF-8"?>
<!-- Generated by org.testng.reporters.JUnitReportReporter -->
<testsuite hostname="DESKTOP-M3KOU0A" failures="0" tests="1" name="testcases.TC005_Logout" time="56.628" errors="0" timestamp="06 Dec 2023 09:02:01 GMT" skipped="0">
  <testcase classname="testcases.TC005_Logout" name="logout" time="56.628"/>
</testsuite> <!-- testcases.TC005_Logout -->
