<?xml version="1.0" encoding="UTF-8"?>
<!-- Generated by org.testng.reporters.JUnitReportReporter -->
<testsuite hostname="DESKTOP-M3KOU0A" failures="0" tests="1" name="testcases.TC003_Login" time="42.513" errors="0" timestamp="29 Nov 2023 10:45:47 GMT" skipped="0">
  <testcase classname="testcases.TC003_Login" name="login" time="42.513"/>
</testsuite> <!-- testcases.TC003_Login -->
