<?xml version="1.0" encoding="UTF-8"?>
<!-- Generated by org.testng.reporters.JUnitReportReporter -->
<testsuite hostname="DESKTOP-M3KOU0A" failures="0" tests="1" name="testcases.TC002_ValidateBrokenLink" time="32.446" errors="0" timestamp="05 Dec 2023 14:07:29 GMT" skipped="0">
  <testcase classname="testcases.TC002_ValidateBrokenLink" name="brokenLink" time="32.446"/>
</testsuite> <!-- testcases.TC002_ValidateBrokenLink -->
