<?xml version="1.0" encoding="UTF-8"?>
<!-- Generated by org.testng.reporters.JUnitReportReporter -->
<testsuite hostname="DESKTOP-M3KOU0A" failures="0" tests="1" name="testcases.TC008_OneWayTrip" time="85.416" errors="0" timestamp="06 Dec 2023 09:02:01 GMT" skipped="0">
  <testcase classname="testcases.TC008_OneWayTrip" name="onewaytrip" time="85.416"/>
</testsuite> <!-- testcases.TC008_OneWayTrip -->
