<?xml version="1.0" encoding="UTF-8"?>
<!-- Generated by org.testng.reporters.JUnitReportReporter -->
<testsuite hostname="DESKTOP-M3KOU0A" failures="0" tests="2" name="testcases.TC009_Invalid_Login" time="82.257" errors="0" timestamp="06 Dec 2023 09:02:01 GMT" skipped="0">
  <testcase classname="testcases.TC009_Invalid_Login" name="invlaidlogin" time="42.903"/>
  <testcase classname="testcases.TC009_Invalid_Login" name="invlaidlogin" time="39.354"/>
</testsuite> <!-- testcases.TC009_Invalid_Login -->
